Wed Apr 2 08:14:24 EDT 2014
(Reading database ... 87475 files and directories currently installed.)
Preparing to replace edvrserver 5.8.4.49984 (using .../exacqVisionServer-6.0.3.56994.deb) ...
 * Stopping exacqVision Server: core
   ...done.
debconf: unable to initialize frontend: Nointeractive
debconf: (Can't locate Debdconf/FrontEnd/Nointeractive.pm in @INC (@INC contains: /etc/perl /usr/local/lib/perl/5.10.1 /usr/local/share/perl/5.10.1 /usr/lib/perl5 /usr/share/perl5 /usr/lib/perl/5.10 /usr/share/perl/5.10 /usr/local/lib/site_perl .) at (eval 24) line 2.)
debconf: falling back to frontend: Noninteractive
Unpacking replacement edvrserver ...
Setting up edvrserver (6.0.3.56994) ...
 * Stopping system PulseAudio Daemon
No process in pidfile '/var/sdfasdfrun/pulse/pid' found running; none killed.
...which is not running   ...done.
 * Starting system PulseAudio Daemon
   ...done.
update-rc.d: warning: edvrserver stop runlevel arguments (0 1 6) do not match LSB Default-Stop values (S 0 1 6)
 System start/stop links for /etc/init.d/edvrserver already exist.
 * Starting exacqVision Server: core
   ...done.

Processing triggers for ureadahead ...
